-------------------------------------------------------------------------------
Test set: com.louhekon.examples.TennisGameSpec
-------------------------------------------------------------------------------
Tests run: 1, Failures: 0, Errors: 1, Skipped: 0, Time elapsed: 0.072 sec <<< FAILURE!
ShouldFail(com.louhekon.examples.TennisGameSpec$WithAny)  Time elapsed: 0.045 sec  <<< ERROR!
jdave.ExpectationFailedException: Foobar
	at jdave.Specification.fail(Specification.java:475)
	at com.louhekon.examples.TennisGameSpec$WithAny.ShouldFail(TennisGameSpec.java:14)
	at sun.reflect.NativeMethodAccessorImpl.invoke0(Native Method)
	at sun.reflect.NativeMethodAccessorImpl.invoke(NativeMethodAccessorImpl.java:39)
	at sun.reflect.DelegatingMethodAccessorImpl.invoke(DelegatingMethodAccessorImpl.java:25)
	at java.lang.reflect.Method.invoke(Method.java:597)
	at jdave.runner.ExecutingBehavior.runSpec(ExecutingBehavior.java:89)
	at jdave.runner.ExecutingBehavior.runInCurrentThread(ExecutingBehavior.java:61)
	at jdave.runner.ExecutingBehavior.run(ExecutingBehavior.java:53)
	at jdave.junit4.JDaveCallback.onBehavior(JDaveCallback.java:52)
	at jdave.runner.Context.run(Context.java:48)
	at jdave.runner.SpecRunner.run(SpecRunner.java:54)
	at jdave.runner.SpecRunner.run(SpecRunner.java:47)
	at jdave.junit4.JDaveRunner.run(JDaveRunner.java:56)
	at org.apache.maven.surefire.junit4.JUnit4TestSet.execute(JUnit4TestSet.java:62)
	at org.apache.maven.surefire.suite.AbstractDirectoryTestSuite.executeTestSet(AbstractDirectoryTestSuite.java:138)
	at org.apache.maven.surefire.suite.AbstractDirectoryTestSuite.execute(AbstractDirectoryTestSuite.java:125)
	at org.apache.maven.surefire.Surefire.run(Surefire.java:132)
	at sun.reflect.NativeMethodAccessorImpl.invoke0(Native Method)
	at sun.reflect.NativeMethodAccessorImpl.invoke(NativeMethodAccessorImpl.java:39)
	at sun.reflect.DelegatingMethodAccessorImpl.invoke(DelegatingMethodAccessorImpl.java:25)
	at java.lang.reflect.Method.invoke(Method.java:597)
	at org.apache.maven.surefire.booter.SurefireBooter.runSuitesInProcess(SurefireBooter.java:290)
	at org.apache.maven.surefire.booter.SurefireBooter.main(SurefireBooter.java:818)

